2023-12-17 09:36:56.919  INFO 20024 --- [main] com.test.interview.InterviewService      : Starting InterviewService using Java 11.0.21 on pipash with PID 20024 (/var/www/html/interview-service/target/classes started by pipash in /var/www/html/interview-service)
2023-12-17 09:36:56.922  INFO 20024 --- [main] com.test.interview.InterviewService      : No active profile set, falling back to 1 default profile: "default"
2023-12-17 09:36:58.160  INFO 20024 --- [main] .s.d.r.c.RepositoryConfigurationDelegate : Multiple Spring Data modules found, entering strict repository configuration mode
2023-12-17 09:36:58.161  INFO 20024 --- [main] .s.d.r.c.RepositoryConfigurationDelegate : Bootstrapping Spring Data JPA repositories in DEFAULT mode.
2023-12-17 09:36:58.272  INFO 20024 --- [main] .s.d.r.c.RepositoryConfigurationDelegate : Finished Spring Data repository scanning in 103 ms. Found 2 JPA repository interfaces.
2023-12-17 09:36:58.291  INFO 20024 --- [main] .s.d.r.c.RepositoryConfigurationDelegate : Multiple Spring Data modules found, entering strict repository configuration mode
2023-12-17 09:36:58.293  INFO 20024 --- [main] .s.d.r.c.RepositoryConfigurationDelegate : Bootstrapping Spring Data Redis repositories in DEFAULT mode.
2023-12-17 09:36:58.313  INFO 20024 --- [main] .RepositoryConfigurationExtensionSupport : Spring Data Redis - Could not safely identify store assignment for repository candidate interface com.test.interview.repository.InterviewRepository; If you want this repository to be a Redis repository, consider annotating your entities with one of these annotations: org.springframework.data.redis.core.RedisHash (preferred), or consider extending one of the following types with your repository: org.springframework.data.keyvalue.repository.KeyValueRepository
2023-12-17 09:36:58.314  INFO 20024 --- [main] .RepositoryConfigurationExtensionSupport : Spring Data Redis - Could not safely identify store assignment for repository candidate interface com.test.interview.repository.UserRepository; If you want this repository to be a Redis repository, consider annotating your entities with one of these annotations: org.springframework.data.redis.core.RedisHash (preferred), or consider extending one of the following types with your repository: org.springframework.data.keyvalue.repository.KeyValueRepository
2023-12-17 09:36:58.315  INFO 20024 --- [main] .s.d.r.c.RepositoryConfigurationDelegate : Finished Spring Data repository scanning in 11 ms. Found 0 Redis repository interfaces.
2023-12-17 09:36:58.820  INFO 20024 --- [main] o.s.b.w.embedded.tomcat.TomcatWebServer  : Tomcat initialized with port(s): 8862 (http)
2023-12-17 09:36:58.826  INFO 20024 --- [main] o.apache.catalina.core.StandardService   : Starting service [Tomcat]
2023-12-17 09:36:58.826  INFO 20024 --- [main] org.apache.catalina.core.StandardEngine  : Starting Servlet engine: [Apache Tomcat/9.0.75]
2023-12-17 09:36:58.891  INFO 20024 --- [main] o.a.c.c.C.[.[.[/interview-service]       : Initializing Spring embedded WebApplicationContext
2023-12-17 09:36:58.892  INFO 20024 --- [main] w.s.c.ServletWebServerApplicationContext : Root WebApplicationContext: initialization completed in 1877 ms
2023-12-17 09:36:58.989  INFO 20024 --- [main] com.zaxxer.hikari.HikariDataSource       : HikariPool-1 - Starting...
2023-12-17 09:36:59.121  INFO 20024 --- [main] com.zaxxer.hikari.HikariDataSource       : HikariPool-1 - Start completed.
2023-12-17 09:36:59.130  INFO 20024 --- [main] o.s.b.a.h2.H2ConsoleAutoConfiguration    : H2 console available at '/h2-console'. Database available at 'jdbc:h2:mem:interview_service'
2023-12-17 09:36:59.232  INFO 20024 --- [main] o.hibernate.jpa.internal.util.LogHelper  : HHH000204: Processing PersistenceUnitInfo [name: default]
2023-12-17 09:36:59.262  INFO 20024 --- [main] org.hibernate.Version                    : HHH000412: Hibernate ORM core version 5.6.15.Final
2023-12-17 09:36:59.368  INFO 20024 --- [main] o.hibernate.annotations.common.Version   : HCANN000001: Hibernate Commons Annotations {5.1.2.Final}
2023-12-17 09:36:59.440  INFO 20024 --- [main] org.hibernate.dialect.Dialect            : HHH000400: Using dialect: org.hibernate.dialect.H2Dialect
2023-12-17 09:36:59.903  INFO 20024 --- [main] o.h.e.t.j.p.i.JtaPlatformInitiator       : HHH000490: Using JtaPlatform implementation: [org.hibernate.engine.transaction.jta.platform.internal.NoJtaPlatform]
2023-12-17 09:36:59.913  INFO 20024 --- [main] j.LocalContainerEntityManagerFactoryBean : Initialized JPA EntityManagerFactory for persistence unit 'default'
2023-12-17 09:37:00.573  INFO 20024 --- [main] o.s.s.web.DefaultSecurityFilterChain     : Will secure any request with [org.springframework.security.web.session.DisableEncodeUrlFilter@59c00722, org.springframework.security.web.context.request.async.WebAsyncManagerIntegrationFilter@6c96346b, org.springframework.security.web.context.SecurityContextPersistenceFilter@37b1218, org.springframework.security.web.header.HeaderWriterFilter@33845e3d, org.springframework.security.web.authentication.logout.LogoutFilter@514f2020, org.springframework.security.web.savedrequest.RequestCacheAwareFilter@32068aef, org.springframework.security.web.servletapi.SecurityContextHolderAwareRequestFilter@6d7772d3, org.springframework.security.web.authentication.AnonymousAuthenticationFilter@9734cae, org.springframework.security.web.session.SessionManagementFilter@64a4739, org.springframework.security.web.access.ExceptionTranslationFilter@6173863f, org.springframework.security.web.access.intercept.AuthorizationFilter@3a00237d]
2023-12-17 09:37:00.626  WARN 20024 --- [main] JpaBaseConfiguration$JpaWebConfiguration : spring.jpa.open-in-view is enabled by default. Therefore, database queries may be performed during view rendering. Explicitly configure spring.jpa.open-in-view to disable this warning
2023-12-17 09:37:01.099  INFO 20024 --- [main] o.s.b.a.e.web.EndpointLinksResolver      : Exposing 1 endpoint(s) beneath base path '/actuator'
2023-12-17 09:37:01.141  INFO 20024 --- [main] o.s.b.w.embedded.tomcat.TomcatWebServer  : Tomcat started on port(s): 8862 (http) with context path '/interview-service'
2023-12-17 09:37:01.158  INFO 20024 --- [main] com.test.interview.InterviewService      : Started InterviewService in 4.742 seconds (JVM running for 5.461)
2023-12-17 09:37:01.615  INFO 20024 --- [RMI TCP Connection(3)-127.0.0.1] o.a.c.c.C.[.[.[/interview-service]       : Initializing Spring DispatcherServlet 'dispatcherServlet'
2023-12-17 09:37:01.617  INFO 20024 --- [RMI TCP Connection(3)-127.0.0.1] o.s.web.servlet.DispatcherServlet        : Initializing Servlet 'dispatcherServlet'
2023-12-17 09:37:01.619  INFO 20024 --- [RMI TCP Connection(3)-127.0.0.1] o.s.web.servlet.DispatcherServlet        : Completed initialization in 2 ms
2023-12-17 09:37:16.736  INFO 20024 --- [SpringApplicationShutdownHook] j.LocalContainerEntityManagerFactoryBean : Closing JPA EntityManagerFactory for persistence unit 'default'
2023-12-17 09:37:16.741  INFO 20024 --- [SpringApplicationShutdownHook] com.zaxxer.hikari.HikariDataSource       : HikariPool-1 - Shutdown initiated...
2023-12-17 09:37:16.746  INFO 20024 --- [SpringApplicationShutdownHook] com.zaxxer.hikari.HikariDataSource       : HikariPool-1 - Shutdown completed.
2023-12-17 09:38:13.519  INFO 20464 --- [main] com.test.interview.InterviewService      : Starting InterviewService using Java 11.0.21 on pipash with PID 20464 (/var/www/html/interview-service/target/classes started by pipash in /var/www/html/interview-service)
2023-12-17 09:38:13.525  INFO 20464 --- [main] com.test.interview.InterviewService      : No active profile set, falling back to 1 default profile: "default"
2023-12-17 09:38:14.743  INFO 20464 --- [main] .s.d.r.c.RepositoryConfigurationDelegate : Multiple Spring Data modules found, entering strict repository configuration mode
2023-12-17 09:38:14.743  INFO 20464 --- [main] .s.d.r.c.RepositoryConfigurationDelegate : Bootstrapping Spring Data JPA repositories in DEFAULT mode.
2023-12-17 09:38:14.804  INFO 20464 --- [main] .s.d.r.c.RepositoryConfigurationDelegate : Finished Spring Data repository scanning in 54 ms. Found 2 JPA repository interfaces.
2023-12-17 09:38:14.814  INFO 20464 --- [main] .s.d.r.c.RepositoryConfigurationDelegate : Multiple Spring Data modules found, entering strict repository configuration mode
2023-12-17 09:38:14.816  INFO 20464 --- [main] .s.d.r.c.RepositoryConfigurationDelegate : Bootstrapping Spring Data Redis repositories in DEFAULT mode.
2023-12-17 09:38:14.829  INFO 20464 --- [main] .RepositoryConfigurationExtensionSupport : Spring Data Redis - Could not safely identify store assignment for repository candidate interface com.test.interview.repository.InterviewRepository; If you want this repository to be a Redis repository, consider annotating your entities with one of these annotations: org.springframework.data.redis.core.RedisHash (preferred), or consider extending one of the following types with your repository: org.springframework.data.keyvalue.repository.KeyValueRepository
2023-12-17 09:38:14.830  INFO 20464 --- [main] .RepositoryConfigurationExtensionSupport : Spring Data Redis - Could not safely identify store assignment for repository candidate interface com.test.interview.repository.UserRepository; If you want this repository to be a Redis repository, consider annotating your entities with one of these annotations: org.springframework.data.redis.core.RedisHash (preferred), or consider extending one of the following types with your repository: org.springframework.data.keyvalue.repository.KeyValueRepository
2023-12-17 09:38:14.831  INFO 20464 --- [main] .s.d.r.c.RepositoryConfigurationDelegate : Finished Spring Data repository scanning in 8 ms. Found 0 Redis repository interfaces.
2023-12-17 09:38:15.260  INFO 20464 --- [main] o.s.b.w.embedded.tomcat.TomcatWebServer  : Tomcat initialized with port(s): 8862 (http)
2023-12-17 09:38:15.265  INFO 20464 --- [main] o.apache.catalina.core.StandardService   : Starting service [Tomcat]
2023-12-17 09:38:15.266  INFO 20464 --- [main] org.apache.catalina.core.StandardEngine  : Starting Servlet engine: [Apache Tomcat/9.0.75]
2023-12-17 09:38:15.345  INFO 20464 --- [main] o.a.c.c.C.[.[.[/interview-service]       : Initializing Spring embedded WebApplicationContext
2023-12-17 09:38:15.346  INFO 20464 --- [main] w.s.c.ServletWebServerApplicationContext : Root WebApplicationContext: initialization completed in 1753 ms
2023-12-17 09:38:15.454  INFO 20464 --- [main] com.zaxxer.hikari.HikariDataSource       : HikariPool-1 - Starting...
2023-12-17 09:38:15.582  INFO 20464 --- [main] com.zaxxer.hikari.HikariDataSource       : HikariPool-1 - Start completed.
2023-12-17 09:38:15.593  INFO 20464 --- [main] o.s.b.a.h2.H2ConsoleAutoConfiguration    : H2 console available at '/h2-console'. Database available at 'jdbc:h2:mem:interview_service'
2023-12-17 09:38:15.693  INFO 20464 --- [main] o.hibernate.jpa.internal.util.LogHelper  : HHH000204: Processing PersistenceUnitInfo [name: default]
2023-12-17 09:38:15.719  INFO 20464 --- [main] org.hibernate.Version                    : HHH000412: Hibernate ORM core version 5.6.15.Final
2023-12-17 09:38:15.802  INFO 20464 --- [main] o.hibernate.annotations.common.Version   : HCANN000001: Hibernate Commons Annotations {5.1.2.Final}
2023-12-17 09:38:15.867  INFO 20464 --- [main] org.hibernate.dialect.Dialect            : HHH000400: Using dialect: org.hibernate.dialect.H2Dialect
2023-12-17 09:38:16.268  INFO 20464 --- [main] o.h.e.t.j.p.i.JtaPlatformInitiator       : HHH000490: Using JtaPlatform implementation: [org.hibernate.engine.transaction.jta.platform.internal.NoJtaPlatform]
2023-12-17 09:38:16.275  INFO 20464 --- [main] j.LocalContainerEntityManagerFactoryBean : Initialized JPA EntityManagerFactory for persistence unit 'default'
2023-12-17 09:38:16.844  INFO 20464 --- [main] o.s.s.web.DefaultSecurityFilterChain     : Will secure any request with [org.springframework.security.web.session.DisableEncodeUrlFilter@2d2afc39, org.springframework.security.web.context.request.async.WebAsyncManagerIntegrationFilter@e2498a3, org.springframework.security.web.context.SecurityContextPersistenceFilter@4603c412, org.springframework.security.web.header.HeaderWriterFilter@14d513ca, org.springframework.security.web.authentication.logout.LogoutFilter@799206ad, org.springframework.security.web.savedrequest.RequestCacheAwareFilter@49654a35, org.springframework.security.web.servletapi.SecurityContextHolderAwareRequestFilter@245b0bd7, org.springframework.security.web.authentication.AnonymousAuthenticationFilter@26c2f767, org.springframework.security.web.session.SessionManagementFilter@3662c887, org.springframework.security.web.access.ExceptionTranslationFilter@8ad6d29, org.springframework.security.web.access.intercept.AuthorizationFilter@1a53ac0c]
2023-12-17 09:38:16.900  WARN 20464 --- [main] JpaBaseConfiguration$JpaWebConfiguration : spring.jpa.open-in-view is enabled by default. Therefore, database queries may be performed during view rendering. Explicitly configure spring.jpa.open-in-view to disable this warning
2023-12-17 09:38:17.376  INFO 20464 --- [main] o.s.b.a.e.web.EndpointLinksResolver      : Exposing 1 endpoint(s) beneath base path '/actuator'
2023-12-17 09:38:17.415  INFO 20464 --- [main] o.s.b.w.embedded.tomcat.TomcatWebServer  : Tomcat started on port(s): 8862 (http) with context path '/interview-service'
2023-12-17 09:38:17.435  INFO 20464 --- [main] com.test.interview.InterviewService      : Started InterviewService in 4.78 seconds (JVM running for 5.618)
2023-12-17 09:38:17.857  INFO 20464 --- [RMI TCP Connection(3)-127.0.0.1] o.a.c.c.C.[.[.[/interview-service]       : Initializing Spring DispatcherServlet 'dispatcherServlet'
2023-12-17 09:38:17.859  INFO 20464 --- [RMI TCP Connection(3)-127.0.0.1] o.s.web.servlet.DispatcherServlet        : Initializing Servlet 'dispatcherServlet'
2023-12-17 09:38:17.861  INFO 20464 --- [RMI TCP Connection(3)-127.0.0.1] o.s.web.servlet.DispatcherServlet        : Completed initialization in 2 ms
2023-12-17 09:38:25.887  INFO 20464 --- [http-nio-8862-exec-1] c.t.i.controller.InterviewController     : start of getSlot inside controller InterviewController:
2023-12-17 09:38:25.888  INFO 20464 --- [http-nio-8862-exec-1] c.t.i.serviceImpl.InterviewServiceImpl   : starting getSingleSlot inside InterviewServiceImpl to get single interview slot:
2023-12-17 09:38:25.909  INFO 20464 --- [http-nio-8862-exec-1] c.t.i.serviceImpl.InterviewServiceImpl   : fetching data from database
2023-12-17 09:38:37.270  INFO 20464 --- [SpringApplicationShutdownHook] j.LocalContainerEntityManagerFactoryBean : Closing JPA EntityManagerFactory for persistence unit 'default'
2023-12-17 09:38:37.274  INFO 20464 --- [SpringApplicationShutdownHook] com.zaxxer.hikari.HikariDataSource       : HikariPool-1 - Shutdown initiated...
2023-12-17 09:38:37.280  INFO 20464 --- [SpringApplicationShutdownHook] com.zaxxer.hikari.HikariDataSource       : HikariPool-1 - Shutdown completed.
2023-12-17 09:39:48.632  INFO 21021 --- [main] com.test.interview.InterviewService      : Starting InterviewService using Java 11.0.21 on pipash with PID 21021 (/var/www/html/interview-service/target/classes started by pipash in /var/www/html/interview-service)
2023-12-17 09:39:48.635  INFO 21021 --- [main] com.test.interview.InterviewService      : No active profile set, falling back to 1 default profile: "default"
2023-12-17 09:39:49.962  INFO 21021 --- [main] .s.d.r.c.RepositoryConfigurationDelegate : Multiple Spring Data modules found, entering strict repository configuration mode
2023-12-17 09:39:49.963  INFO 21021 --- [main] .s.d.r.c.RepositoryConfigurationDelegate : Bootstrapping Spring Data JPA repositories in DEFAULT mode.
2023-12-17 09:39:50.015  INFO 21021 --- [main] .s.d.r.c.RepositoryConfigurationDelegate : Finished Spring Data repository scanning in 46 ms. Found 2 JPA repository interfaces.
2023-12-17 09:39:50.024  INFO 21021 --- [main] .s.d.r.c.RepositoryConfigurationDelegate : Multiple Spring Data modules found, entering strict repository configuration mode
2023-12-17 09:39:50.025  INFO 21021 --- [main] .s.d.r.c.RepositoryConfigurationDelegate : Bootstrapping Spring Data Redis repositories in DEFAULT mode.
2023-12-17 09:39:50.036  INFO 21021 --- [main] .RepositoryConfigurationExtensionSupport : Spring Data Redis - Could not safely identify store assignment for repository candidate interface com.test.interview.repository.InterviewRepository; If you want this repository to be a Redis repository, consider annotating your entities with one of these annotations: org.springframework.data.redis.core.RedisHash (preferred), or consider extending one of the following types with your repository: org.springframework.data.keyvalue.repository.KeyValueRepository
2023-12-17 09:39:50.037  INFO 21021 --- [main] .RepositoryConfigurationExtensionSupport : Spring Data Redis - Could not safely identify store assignment for repository candidate interface com.test.interview.repository.UserRepository; If you want this repository to be a Redis repository, consider annotating your entities with one of these annotations: org.springframework.data.redis.core.RedisHash (preferred), or consider extending one of the following types with your repository: org.springframework.data.keyvalue.repository.KeyValueRepository
2023-12-17 09:39:50.038  INFO 21021 --- [main] .s.d.r.c.RepositoryConfigurationDelegate : Finished Spring Data repository scanning in 6 ms. Found 0 Redis repository interfaces.
2023-12-17 09:39:50.474  INFO 21021 --- [main] o.s.b.w.embedded.tomcat.TomcatWebServer  : Tomcat initialized with port(s): 8862 (http)
2023-12-17 09:39:50.480  INFO 21021 --- [main] o.apache.catalina.core.StandardService   : Starting service [Tomcat]
2023-12-17 09:39:50.480  INFO 21021 --- [main] org.apache.catalina.core.StandardEngine  : Starting Servlet engine: [Apache Tomcat/9.0.75]
2023-12-17 09:39:50.562  INFO 21021 --- [main] o.a.c.c.C.[.[.[/interview-service]       : Initializing Spring embedded WebApplicationContext
2023-12-17 09:39:50.563  INFO 21021 --- [main] w.s.c.ServletWebServerApplicationContext : Root WebApplicationContext: initialization completed in 1837 ms
2023-12-17 09:39:50.669  INFO 21021 --- [main] com.zaxxer.hikari.HikariDataSource       : HikariPool-1 - Starting...
2023-12-17 09:39:50.794  INFO 21021 --- [main] com.zaxxer.hikari.HikariDataSource       : HikariPool-1 - Start completed.
2023-12-17 09:39:50.803  INFO 21021 --- [main] o.s.b.a.h2.H2ConsoleAutoConfiguration    : H2 console available at '/h2-console'. Database available at 'jdbc:h2:mem:interview_service'
2023-12-17 09:39:50.906  INFO 21021 --- [main] o.hibernate.jpa.internal.util.LogHelper  : HHH000204: Processing PersistenceUnitInfo [name: default]
2023-12-17 09:39:50.931  INFO 21021 --- [main] org.hibernate.Version                    : HHH000412: Hibernate ORM core version 5.6.15.Final
2023-12-17 09:39:51.010  INFO 21021 --- [main] o.hibernate.annotations.common.Version   : HCANN000001: Hibernate Commons Annotations {5.1.2.Final}
2023-12-17 09:39:51.073  INFO 21021 --- [main] org.hibernate.dialect.Dialect            : HHH000400: Using dialect: org.hibernate.dialect.H2Dialect
2023-12-17 09:39:51.471  INFO 21021 --- [main] o.h.e.t.j.p.i.JtaPlatformInitiator       : HHH000490: Using JtaPlatform implementation: [org.hibernate.engine.transaction.jta.platform.internal.NoJtaPlatform]
2023-12-17 09:39:51.477  INFO 21021 --- [main] j.LocalContainerEntityManagerFactoryBean : Initialized JPA EntityManagerFactory for persistence unit 'default'
2023-12-17 09:39:52.086  INFO 21021 --- [main] o.s.s.web.DefaultSecurityFilterChain     : Will secure any request with [org.springframework.security.web.session.DisableEncodeUrlFilter@6a7ab205, org.springframework.security.web.context.request.async.WebAsyncManagerIntegrationFilter@10cb5047, org.springframework.security.web.context.SecurityContextPersistenceFilter@5169db2f, org.springframework.security.web.header.HeaderWriterFilter@8dc3019, org.springframework.security.web.authentication.logout.LogoutFilter@2f8ab988, org.springframework.security.web.savedrequest.RequestCacheAwareFilter@478cc5f1, org.springframework.security.web.servletapi.SecurityContextHolderAwareRequestFilter@64a4739, org.springframework.security.web.authentication.AnonymousAuthenticationFilter@3a00237d, org.springframework.security.web.session.SessionManagementFilter@4603c412, org.springframework.security.web.access.ExceptionTranslationFilter@7772ec28, org.springframework.security.web.access.intercept.AuthorizationFilter@52ba21e4]
2023-12-17 09:39:52.142  WARN 21021 --- [main] JpaBaseConfiguration$JpaWebConfiguration : spring.jpa.open-in-view is enabled by default. Therefore, database queries may be performed during view rendering. Explicitly configure spring.jpa.open-in-view to disable this warning
2023-12-17 09:39:52.614  INFO 21021 --- [main] o.s.b.a.e.web.EndpointLinksResolver      : Exposing 1 endpoint(s) beneath base path '/actuator'
2023-12-17 09:39:52.650  INFO 21021 --- [main] o.s.b.w.embedded.tomcat.TomcatWebServer  : Tomcat started on port(s): 8862 (http) with context path '/interview-service'
2023-12-17 09:39:52.666  INFO 21021 --- [main] com.test.interview.InterviewService      : Started InterviewService in 4.526 seconds (JVM running for 5.344)
2023-12-17 09:39:52.747  INFO 21021 --- [RMI TCP Connection(3)-127.0.0.1] o.a.c.c.C.[.[.[/interview-service]       : Initializing Spring DispatcherServlet 'dispatcherServlet'
2023-12-17 09:39:52.748  INFO 21021 --- [RMI TCP Connection(3)-127.0.0.1] o.s.web.servlet.DispatcherServlet        : Initializing Servlet 'dispatcherServlet'
2023-12-17 09:39:52.750  INFO 21021 --- [RMI TCP Connection(3)-127.0.0.1] o.s.web.servlet.DispatcherServlet        : Completed initialization in 2 ms
2023-12-17 09:40:00.129  INFO 21021 --- [http-nio-8862-exec-2] c.t.i.controller.InterviewController     : start of getSlot inside controller InterviewController:
2023-12-17 09:40:00.129  INFO 21021 --- [http-nio-8862-exec-2] c.t.i.serviceImpl.InterviewServiceImpl   : starting getSingleSlot inside InterviewServiceImpl to get single interview slot:
2023-12-17 09:40:00.152  INFO 21021 --- [http-nio-8862-exec-2] c.t.i.serviceImpl.InterviewServiceImpl   : fetching data from database
2023-12-17 09:40:04.560  INFO 21021 --- [SpringApplicationShutdownHook] j.LocalContainerEntityManagerFactoryBean : Closing JPA EntityManagerFactory for persistence unit 'default'
2023-12-17 09:40:04.563  INFO 21021 --- [SpringApplicationShutdownHook] com.zaxxer.hikari.HikariDataSource       : HikariPool-1 - Shutdown initiated...
2023-12-17 09:40:04.568  INFO 21021 --- [SpringApplicationShutdownHook] com.zaxxer.hikari.HikariDataSource       : HikariPool-1 - Shutdown completed.
2023-12-17 09:40:44.285  INFO 21404 --- [main] com.test.interview.InterviewService      : Starting InterviewService using Java 11.0.21 on pipash with PID 21404 (/var/www/html/interview-service/target/classes started by pipash in /var/www/html/interview-service)
2023-12-17 09:40:44.288  INFO 21404 --- [main] com.test.interview.InterviewService      : No active profile set, falling back to 1 default profile: "default"
2023-12-17 09:40:45.860  INFO 21404 --- [main] .s.d.r.c.RepositoryConfigurationDelegate : Multiple Spring Data modules found, entering strict repository configuration mode
2023-12-17 09:40:45.860  INFO 21404 --- [main] .s.d.r.c.RepositoryConfigurationDelegate : Bootstrapping Spring Data JPA repositories in DEFAULT mode.
2023-12-17 09:40:45.912  INFO 21404 --- [main] .s.d.r.c.RepositoryConfigurationDelegate : Finished Spring Data repository scanning in 46 ms. Found 2 JPA repository interfaces.
2023-12-17 09:40:45.923  INFO 21404 --- [main] .s.d.r.c.RepositoryConfigurationDelegate : Multiple Spring Data modules found, entering strict repository configuration mode
2023-12-17 09:40:45.924  INFO 21404 --- [main] .s.d.r.c.RepositoryConfigurationDelegate : Bootstrapping Spring Data Redis repositories in DEFAULT mode.
2023-12-17 09:40:45.937  INFO 21404 --- [main] .RepositoryConfigurationExtensionSupport : Spring Data Redis - Could not safely identify store assignment for repository candidate interface com.test.interview.repository.InterviewRepository; If you want this repository to be a Redis repository, consider annotating your entities with one of these annotations: org.springframework.data.redis.core.RedisHash (preferred), or consider extending one of the following types with your repository: org.springframework.data.keyvalue.repository.KeyValueRepository
2023-12-17 09:40:45.938  INFO 21404 --- [main] .RepositoryConfigurationExtensionSupport : Spring Data Redis - Could not safely identify store assignment for repository candidate interface com.test.interview.repository.UserRepository; If you want this repository to be a Redis repository, consider annotating your entities with one of these annotations: org.springframework.data.redis.core.RedisHash (preferred), or consider extending one of the following types with your repository: org.springframework.data.keyvalue.repository.KeyValueRepository
2023-12-17 09:40:45.939  INFO 21404 --- [main] .s.d.r.c.RepositoryConfigurationDelegate : Finished Spring Data repository scanning in 8 ms. Found 0 Redis repository interfaces.
2023-12-17 09:40:46.377  INFO 21404 --- [main] o.s.b.w.embedded.tomcat.TomcatWebServer  : Tomcat initialized with port(s): 8862 (http)
2023-12-17 09:40:46.383  INFO 21404 --- [main] o.apache.catalina.core.StandardService   : Starting service [Tomcat]
2023-12-17 09:40:46.383  INFO 21404 --- [main] org.apache.catalina.core.StandardEngine  : Starting Servlet engine: [Apache Tomcat/9.0.75]
2023-12-17 09:40:46.453  INFO 21404 --- [main] o.a.c.c.C.[.[.[/interview-service]       : Initializing Spring embedded WebApplicationContext
2023-12-17 09:40:46.454  INFO 21404 --- [main] w.s.c.ServletWebServerApplicationContext : Root WebApplicationContext: initialization completed in 2105 ms
2023-12-17 09:40:46.554  INFO 21404 --- [main] com.zaxxer.hikari.HikariDataSource       : HikariPool-1 - Starting...
2023-12-17 09:40:46.672  INFO 21404 --- [main] com.zaxxer.hikari.HikariDataSource       : HikariPool-1 - Start completed.
2023-12-17 09:40:46.689  INFO 21404 --- [main] o.s.b.a.h2.H2ConsoleAutoConfiguration    : H2 console available at '/h2-console'. Database available at 'jdbc:h2:mem:interview_service'
2023-12-17 09:40:46.810  INFO 21404 --- [main] o.hibernate.jpa.internal.util.LogHelper  : HHH000204: Processing PersistenceUnitInfo [name: default]
2023-12-17 09:40:46.872  INFO 21404 --- [main] org.hibernate.Version                    : HHH000412: Hibernate ORM core version 5.6.15.Final
2023-12-17 09:40:47.029  INFO 21404 --- [main] o.hibernate.annotations.common.Version   : HCANN000001: Hibernate Commons Annotations {5.1.2.Final}
2023-12-17 09:40:47.104  INFO 21404 --- [main] org.hibernate.dialect.Dialect            : HHH000400: Using dialect: org.hibernate.dialect.H2Dialect
2023-12-17 09:40:47.533  INFO 21404 --- [main] o.h.e.t.j.p.i.JtaPlatformInitiator       : HHH000490: Using JtaPlatform implementation: [org.hibernate.engine.transaction.jta.platform.internal.NoJtaPlatform]
2023-12-17 09:40:47.540  INFO 21404 --- [main] j.LocalContainerEntityManagerFactoryBean : Initialized JPA EntityManagerFactory for persistence unit 'default'
2023-12-17 09:40:48.109  INFO 21404 --- [main] o.s.s.web.DefaultSecurityFilterChain     : Will secure any request with [org.springframework.security.web.session.DisableEncodeUrlFilter@2d2afc39, org.springframework.security.web.context.request.async.WebAsyncManagerIntegrationFilter@e2498a3, org.springframework.security.web.context.SecurityContextPersistenceFilter@4603c412, org.springframework.security.web.header.HeaderWriterFilter@14d513ca, org.springframework.security.web.authentication.logout.LogoutFilter@799206ad, org.springframework.security.web.savedrequest.RequestCacheAwareFilter@49654a35, org.springframework.security.web.servletapi.SecurityContextHolderAwareRequestFilter@245b0bd7, org.springframework.security.web.authentication.AnonymousAuthenticationFilter@26c2f767, org.springframework.security.web.session.SessionManagementFilter@3662c887, org.springframework.security.web.access.ExceptionTranslationFilter@8ad6d29, org.springframework.security.web.access.intercept.AuthorizationFilter@1a53ac0c]
2023-12-17 09:40:48.165  WARN 21404 --- [main] JpaBaseConfiguration$JpaWebConfiguration : spring.jpa.open-in-view is enabled by default. Therefore, database queries may be performed during view rendering. Explicitly configure spring.jpa.open-in-view to disable this warning
2023-12-17 09:40:48.645  INFO 21404 --- [main] o.s.b.a.e.web.EndpointLinksResolver      : Exposing 1 endpoint(s) beneath base path '/actuator'
2023-12-17 09:40:48.688  INFO 21404 --- [main] o.s.b.w.embedded.tomcat.TomcatWebServer  : Tomcat started on port(s): 8862 (http) with context path '/interview-service'
2023-12-17 09:40:48.704  INFO 21404 --- [main] com.test.interview.InterviewService      : Started InterviewService in 4.915 seconds (JVM running for 5.883)
2023-12-17 09:40:49.274  INFO 21404 --- [RMI TCP Connection(2)-127.0.0.1] o.a.c.c.C.[.[.[/interview-service]       : Initializing Spring DispatcherServlet 'dispatcherServlet'
2023-12-17 09:40:49.275  INFO 21404 --- [RMI TCP Connection(2)-127.0.0.1] o.s.web.servlet.DispatcherServlet        : Initializing Servlet 'dispatcherServlet'
2023-12-17 09:40:49.277  INFO 21404 --- [RMI TCP Connection(2)-127.0.0.1] o.s.web.servlet.DispatcherServlet        : Completed initialization in 2 ms
2023-12-17 09:40:54.047  INFO 21404 --- [http-nio-8862-exec-2] c.t.i.controller.InterviewController     : start of getSlot inside controller InterviewController:
2023-12-17 09:40:54.048  INFO 21404 --- [http-nio-8862-exec-2] c.t.i.serviceImpl.InterviewServiceImpl   : starting getSingleSlot inside InterviewServiceImpl to get single interview slot:
2023-12-17 09:40:54.066  INFO 21404 --- [http-nio-8862-exec-2] c.t.i.serviceImpl.InterviewServiceImpl   : fetching data from database
2023-12-17 09:40:56.371  INFO 21404 --- [SpringApplicationShutdownHook] j.LocalContainerEntityManagerFactoryBean : Closing JPA EntityManagerFactory for persistence unit 'default'
2023-12-17 09:40:56.433  INFO 21404 --- [SpringApplicationShutdownHook] com.zaxxer.hikari.HikariDataSource       : HikariPool-1 - Shutdown initiated...
2023-12-17 09:40:56.450  INFO 21404 --- [SpringApplicationShutdownHook] com.zaxxer.hikari.HikariDataSource       : HikariPool-1 - Shutdown completed.
